\BOOKMARK [1][-]{section.1}{\376\377\000M\000a\000t\000h\000\040\145\160\133\146}{}% 1
\BOOKMARK [2][-]{subsection.1.1}{\376\377\000P\000r\000i\000m\000e\000\040\175\040\140\047}{section.1}% 2
\BOOKMARK [3][-]{subsubsection.1.1.1}{\376\377\131\047\145\160\166\204\122\044\175\040\116\016\122\006\211\343}{subsection.1.1}% 3
\BOOKMARK [3][-]{subsubsection.1.1.2}{\376\377\173\133\154\325}{subsection.1.1}% 4
\BOOKMARK [3][-]{subsubsection.1.1.3}{\376\377\203\253\153\324\116\114\145\257\123\315\157\024\000\040\000m\000o\000b\000i\000u\000s\000\040\000i\000n\000v\000e\000r\000s\000i\000o\000n}{subsection.1.1}% 5
\BOOKMARK [2][-]{subsection.1.2}{\376\377\124\014\117\131}{section.1}% 6
\BOOKMARK [3][-]{subsubsection.1.2.1}{\376\377\000e\000x\000g\000c\000d}{subsection.1.2}% 7
\BOOKMARK [3][-]{subsubsection.1.2.2}{\376\377\000e\000x\000C\000R\000T}{subsection.1.2}% 8
\BOOKMARK [3][-]{subsubsection.1.2.3}{\376\377\171\273\145\143\133\371\145\160\000\040\000\050\000e\000x\000\051\000b\000s\000g\000s}{subsection.1.2}% 9
\BOOKMARK [2][-]{subsection.1.3}{\376\377\131\032\230\171\137\017\000\040\000P\000o\000l\000y\000n\000o\000m\000i\000a\000l}{section.1}% 10
\BOOKMARK [3][-]{subsubsection.1.3.1}{\376\377\000F\000F\000T\000/\000N\000T\000T}{subsection.1.3}% 11
\BOOKMARK [2][-]{subsection.1.4}{\376\377\176\304\124\010\145\160\133\146\000\040\000C\000o\000n\000b\000i\000n\000a\000t\000o\000r\000i\000c\000s}{section.1}% 12
\BOOKMARK [3][-]{subsubsection.1.4.1}{\376\377\000P\000o\000l\000y\000n\000o\000m\000i\000a\000l\000\040\000\050\000M\000O\000D\000\040\0009\0009\0008\0002\0004\0004\0003\0005\0003\000\051}{subsection.1.4}% 13
\BOOKMARK [2][-]{subsection.1.5}{\376\377\000M\000A\000G\000I\000C\000\040\000P\000R\000I\000M\000E\000S}{section.1}% 14
\BOOKMARK [2][-]{subsection.1.6}{\376\377\000N\000o\000t\000e\000s}{section.1}% 15
\BOOKMARK [1][-]{section.2}{\376\377\000S\000t\000r\000i\000n\000g\000\040\133\127\173\046\116\062}{}% 16
\BOOKMARK [2][-]{subsection.2.1}{\376\377\000S\000t\000r\000i\000n\000g\000-\000M\000a\000t\000c\000h\000\040\133\127\173\046\116\062\123\071\221\115}{section.2}% 17
\BOOKMARK [3][-]{subsubsection.2.1.1}{\376\377\000K\000M\000P}{subsection.2.1}% 18
\BOOKMARK [3][-]{subsubsection.2.1.2}{\376\377\000Z\000\040\000f\000u\000n\000c\000t\000i\000o\000n}{subsection.2.1}% 19
\BOOKMARK [3][-]{subsubsection.2.1.3}{\376\377\000A\000C\000\040\201\352\122\250\147\072}{subsection.2.1}% 20
\BOOKMARK [3][-]{subsubsection.2.1.4}{\376\377\000B\000M}{subsection.2.1}% 21
\BOOKMARK [3][-]{subsubsection.2.1.5}{\376\377\124\016\177\000\145\160\176\304}{subsection.2.1}% 22
\BOOKMARK [3][-]{subsubsection.2.1.6}{\376\377\124\016\177\000\201\352\122\250\147\072}{subsection.2.1}% 23
\BOOKMARK [2][-]{subsection.2.2}{\376\377\000m\000i\000s\000c}{section.2}% 24
\BOOKMARK [3][-]{subsubsection.2.2.1}{\376\377\126\336\145\207\116\062}{subsection.2.2}% 25
\BOOKMARK [3][-]{subsubsection.2.2.2}{\376\377\000L\000y\000n\000d\000o\000n\000\040\122\006\211\343\000\040\000-\000\040\000D\000u\000v\000a\000l\000\040\173\227\154\325}{subsection.2.2}% 26
\BOOKMARK [3][-]{subsubsection.2.2.3}{\376\377\147\000\134\017\210\150\171\072\154\325}{subsection.2.2}% 27
\BOOKMARK [1][-]{section.3}{\376\377\000D\000a\000t\000a\000\040\000S\000t\000r\000u\000c\000t\000u\000r\000e\000\040\145\160\143\156\176\323\147\204}{}% 28
\BOOKMARK [2][-]{subsection.3.1}{\376\377\000B\000S\000T\000\040\377\010\116\214\123\311\377\011\136\163\210\141\150\021}{section.3}% 29
\BOOKMARK [3][-]{subsubsection.3.1.1}{\376\377\117\070\134\125\150\021\000\040\000S\000p\000l\000a\000y}{subsection.3.1}% 30
\BOOKMARK [3][-]{subsubsection.3.1.2}{\376\377\123\357\143\001\176\355\123\026\000\040\000f\000h\000q\000\040\000t\000r\000e\000a\000p}{subsection.3.1}% 31
\BOOKMARK [3][-]{subsubsection.3.1.3}{\376\377\122\250\140\001\150\021\000\040\000L\000i\000n\000k\000\040\000C\000u\000t\000\040\000T\000r\000e\000e}{subsection.3.1}% 32
\BOOKMARK [2][-]{subsection.3.2}{\376\377\000S\000T\000L\000\040\000/\000\040\000p\000b\000d\000s}{section.3}% 33
\BOOKMARK [3][-]{subsubsection.3.2.1}{\376\377\117\030\121\110\226\037\122\027\000\040\000\046\000\040\150\021\124\310\136\014}{subsection.3.2}% 34
\BOOKMARK [3][-]{subsubsection.3.2.2}{\376\377\000b\000i\000t\000s\000/\000e\000x\000t\000c\000+\000+\000.\000h}{subsection.3.2}% 35
\BOOKMARK [2][-]{subsection.3.3}{\376\377\000m\000i\000s\000c}{section.3}% 36
\BOOKMARK [3][-]{subsubsection.3.3.1}{\376\377\000\050\135\346\120\117\150\021\000\051\123\357\136\166\130\006\000\040\000L\000e\000f\000t\000\040\000H\000e\000a\000p}{subsection.3.3}% 37
\BOOKMARK [1][-]{section.4}{\376\377\000G\000r\000a\000p\000h\000\040\126\376\213\272}{}% 38
\BOOKMARK [2][-]{subsection.4.1}{\376\377\162\171\153\212\126\376\140\047\215\050}{section.4}% 39
\BOOKMARK [2][-]{subsection.4.2}{\376\377\000S\000P\000\040\147\000\167\355\215\357\000\040\000S\000h\000o\000r\000t\000e\000s\000t\000\040\000P\000a\000t\000h}{section.4}% 40
\BOOKMARK [2][-]{subsection.4.3}{\376\377\000M\000S\000T\000\040\147\000\134\017\165\037\142\020\150\021\000\040\000M\000i\000n\000i\000m\000a\000l\000\040\000S\000p\000a\000n\000n\000i\000n\000g\000\040\000T\000r\000e\000e}{section.4}% 41
\BOOKMARK [3][-]{subsubsection.4.3.1}{\376\377\167\351\226\065\150\021\133\232\164\006\000\040\000K\000i\000r\000c\000h\000h\000o\000f\000f\000'\000s\000\040\000m\000a\000t\000r\000i\000x\000\040\000t\000r\000e\000e\000\040\000t\000h\000e\000o\000r\000e\000m}{subsection.4.3}% 42
\BOOKMARK [3][-]{subsubsection.4.3.2}{\376\377\000K\000r\000u\000s\000k\000a\000l\377\010\123\357\122\044\133\232\125\057\116\000\140\047\377\011}{subsection.4.3}% 43
\BOOKMARK [3][-]{subsubsection.4.3.3}{\376\377\000P\000r\000i\000m}{subsection.4.3}% 44
\BOOKMARK [3][-]{subsubsection.4.3.4}{\376\377\000B\000o\000r\000u\000v\000k\000a}{subsection.4.3}% 45
\BOOKMARK [3][-]{subsubsection.4.3.5}{\376\377\000X\000O\000R\000-\000M\000S\000T\000\040\147\000\134\017\137\002\142\026\165\037\142\020\150\021}{subsection.4.3}% 46
\BOOKMARK [2][-]{subsection.4.4}{\376\377\177\121\176\334\155\101\000\040\000N\000e\000t\000\040\000F\000l\000o\000w}{section.4}% 47
\BOOKMARK [2][-]{subsection.4.5}{\376\377\000X\000X\217\336\220\032\122\006\221\317\000\040\000X\000X\000-\000C\000o\000n\000n\000e\000c\000t\000e\000d\000\040\000C\000o\000m\000p\000o\000n\000e\000n\000t}{section.4}% 48
\BOOKMARK [2][-]{subsection.4.6}{\376\377\150\021\060\156\122\126\122\006\000\040\000D\000e\000c\000o\000m\000p\000o\000s\000i\000t\000i\000o\000n}{section.4}% 49
\BOOKMARK [2][-]{subsection.4.7}{\376\377\145\057\221\115\150\021\000\040\000D\000o\000m\000i\000n\000a\000t\000o\000r\000\040\000T\000r\000e\000e}{section.4}% 50
\BOOKMARK [1][-]{section.5}{\376\377\000C\000o\000m\000p\000u\000t\000a\000t\000i\000o\000n\000a\000l\000\040\000G\000e\000o\000m\000e\000t\000r\000y\000\040\213\241\173\227\121\340\117\125}{}% 51
\BOOKMARK [2][-]{subsection.5.1}{\376\377\000u\000t\000i\000l\000s\000\040\000/\000\040\000t\000o\000o\000l\000s\000\040\133\236\165\050\135\345\121\167}{section.5}% 52
\BOOKMARK [3][-]{subsubsection.5.1.1}{\376\377\116\214\176\364\124\021\221\317\000\040\000v\000e\000c\000t\000o\000r\000\040\0002\000d}{subsection.5.1}% 53
\BOOKMARK [3][-]{subsubsection.5.1.2}{\376\377\116\011\176\364\124\021\221\317\000\040\000v\000e\000c\000t\000o\000r\000\040\0003\000d}{subsection.5.1}% 54
\BOOKMARK [2][-]{subsection.5.2}{\376\377\000A\000l\000g\000o\000r\000i\000t\000h\000m\000s\000\040\173\227\154\325}{section.5}% 55
\BOOKMARK [3][-]{subsubsection.5.2.1}{\376\377\121\370\123\005\147\204\136\372\000\040\000A\000n\000d\000r\000e\000w\000'\000s\000\040\000A\000l\000g\000o\000r\000i\000t\000h\000m\000\040\000f\000o\000r\000\040\000C\000o\000n\000v\000e\000x\000\040\000H\000u\000l\000l}{subsection.5.2}% 56
\BOOKMARK [3][-]{subsubsection.5.2.2}{\376\377\145\313\217\154\123\141\130\363\000\040\000R\000o\000t\000a\000t\000i\000n\000g\000\040\000C\000a\000l\000i\000p\000e\000r\000s}{subsection.5.2}% 57
\BOOKMARK [3][-]{subsubsection.5.2.3}{\376\377\000D\000e\000l\000a\000u\000n\000a\000y\000\040\116\011\211\322\122\126\122\006\000\040\000T\000r\000i\000a\000n\000g\000u\000l\000a\000t\000i\000o\000n}{subsection.5.2}% 58
\BOOKMARK [2][-]{subsection.5.3}{\376\377\000F\000o\000r\000m\000u\000l\000a\000/\000N\000o\000t\000e\000s\000\040\121\154\137\017\000/\154\350\213\260}{section.5}% 59
\BOOKMARK [3][-]{subsubsection.5.3.1}{\376\377\000P\000i\000c\000k\000\040\133\232\164\006}{subsection.5.3}% 60
\BOOKMARK [3][-]{subsubsection.5.3.2}{\376\377\116\011\211\322\137\142\131\026\143\245\127\006}{subsection.5.3}% 61
\BOOKMARK [1][-]{section.6}{\376\377\000M\000i\000s\000c\000\040\147\102\230\171}{}% 62
\BOOKMARK [2][-]{subsection.6.1}{\376\377\000C\000/\000C\000+\000+\000\040\000I\000O\000\040\000C\000h\000e\000a\000t\000\040\000S\000h\000e\000e\000t}{section.6}% 63
\BOOKMARK [3][-]{subsubsection.6.1.1}{\376\377\000r\000e\000a\000d\000\050\000\051}{subsection.6.1}% 64
\BOOKMARK [3][-]{subsubsection.6.1.2}{\376\377\000s\000t\000d\000:\000:\000c\000i\000n}{subsection.6.1}% 65
\BOOKMARK [2][-]{subsection.6.2}{\376\377\000P\000y\000t\000h\000o\000n\000\040\000H\000e\000l\000p\000e\000r}{section.6}% 66
\BOOKMARK [2][-]{subsection.6.3}{\376\377\000B\000i\000t\000\040\000T\000r\000i\000c\000k\000s}{section.6}% 67
\BOOKMARK [2][-]{subsection.6.4}{\376\377\000.\000v\000i\000m\000r\000c}{section.6}% 68
\BOOKMARK [2][-]{subsection.6.5}{\376\377\000C\000h\000e\000c\000k\000\040\000l\000i\000s\000t}{section.6}% 69
\BOOKMARK [1][-]{section.7}{\376\377\000T\000E\000S\000T}{}% 70
\BOOKMARK [2][-]{subsection.7.1}{\376\377\000A\000L\000L\000\040\000t\000o\000d\000o\000\040\000l\000i\000s\000t\000s}{section.7}% 71
\BOOKMARK [3][-]{subsubsection.7.1.1}{\376\377\000M\000a\000t\000h}{subsection.7.1}% 72
\BOOKMARK [3][-]{subsubsection.7.1.2}{\376\377\000S\000t\000r\000i\000n\000g}{subsection.7.1}% 73
\BOOKMARK [3][-]{subsubsection.7.1.3}{\376\377\000D\000a\000t\000a\000-\000S\000t\000r\000u\000c\000t\000u\000r\000e}{subsection.7.1}% 74
\BOOKMARK [3][-]{subsubsection.7.1.4}{\376\377\000G\000r\000a\000p\000h}{subsection.7.1}% 75
\BOOKMARK [3][-]{subsubsection.7.1.5}{\376\377\000C\000G}{subsection.7.1}% 76
