mktextfm HGB7X_CNKI
mktextfm HGB7X_CNKI
mktextfm HGB7X_CNKI
mktextfm HGB7X_CNKI/I
mktextfm HGB7X_CNKI
mktextfm HGB7X_CNKI/BI
mktextfm HGB7X_CNKI
mktextfm HGB7X_CNKI/I
mktextfm HGB7X_CNKI
mktextfm HGB7X_CNKI
mktextfm HGB7X_CNKI
mktextfm HGB7X_CNKI
mktextfm HGH1_CNKI
mktextfm HGH1_CNKI
mktextfm HGH1_CNKI
mktextfm HGH1_CNKI/I
mktextfm HGH1_CNKI
mktextfm HGH1_CNKI/BI
mktextfm HGH1_CNKI
mktextfm HGH1_CNKI/I
mktextfm HGH1_CNKI
mktextfm HGH1_CNKI
mktextfm HGH1_CNKI
mktextfm HGH1_CNKI
mktextfm HGHB_CNKI
mktextfm HGHB_CNKI
mktextfm HGHB_CNKI
mktextfm HGHB_CNKI/I
mktextfm HGHB_CNKI
mktextfm HGHB_CNKI/BI
mktextfm HGHB_CNKI
mktextfm HGHB_CNKI/I
mktextfm HGHB_CNKI
mktextfm HGHB_CNKI
mktextfm HGHB_CNKI
mktextfm HGHB_CNKI
mktextfm HGB7X_CNKI
mktextfm HGB7X_CNKI
